#! /usr/bin/vvp
:ivl_version "10.3 (stable)";
:ivl_delay_selection "TYPICAL";
:vpi_time_precision + 0;
:vpi_module "system";
:vpi_module "vhdl_sys";
:vpi_module "v2005_math";
:vpi_module "va_math";
S_0x5645f5133a20 .scope module, "iiitb_rv32i_tb" "iiitb_rv32i_tb" 2 1;
 .timescale 0 0;
v0x5645f5153710_0 .net "NPC", 31 0, v0x5645f5153290_0;  1 drivers
v0x5645f51537f0_0 .var "RN", 0 0;
v0x5645f5153890_0 .net "WB_OUT", 31 0, v0x5645f51534f0_0;  1 drivers
v0x5645f5153930_0 .var "clk", 0 0;
S_0x5645f5133ba0 .scope module, "rv32" "iiitb_rv32i" 2 6, 3 1 0, S_0x5645f5133a20;
 .timescale 0 0;
    .port_info 0 /INPUT 1 "clk"
    .port_info 1 /INPUT 1 "RN"
    .port_info 2 /OUTPUT 32 "NPC"
    .port_info 3 /OUTPUT 32 "WB_OUT"
P_0x5645f51195d0 .param/l "ADD" 0 3 30, C4<000>;
P_0x5645f5119610 .param/l "ADDI" 0 3 37, C4<000>;
P_0x5645f5119650 .param/l "AND" 0 3 32, C4<010>;
P_0x5645f5119690 .param/l "ANDI" 0 3 39, C4<010>;
P_0x5645f51196d0 .param/l "AR_TYPE" 0 3 54, C4<0000000>;
P_0x5645f5119710 .param/l "BEQ" 0 3 46, C4<000>;
P_0x5645f5119750 .param/l "BNE" 0 3 47, C4<001>;
P_0x5645f5119790 .param/l "BR_TYPE" 0 3 56, C4<0000010>;
P_0x5645f51197d0 .param/l "LW" 0 3 43, C4<000>;
P_0x5645f5119810 .param/l "M_TYPE" 0 3 55, C4<0000001>;
P_0x5645f5119850 .param/l "OR" 0 3 33, C4<011>;
P_0x5645f5119890 .param/l "ORI" 0 3 40, C4<011>;
P_0x5645f51198d0 .param/l "SH_TYPE" 0 3 57, C4<0000011>;
P_0x5645f5119910 .param/l "SLL" 0 3 49, C4<000>;
P_0x5645f5119950 .param/l "SLT" 0 3 35, C4<101>;
P_0x5645f5119990 .param/l "SRL" 0 3 50, C4<001>;
P_0x5645f51199d0 .param/l "SUB" 0 3 31, C4<001>;
P_0x5645f5119a10 .param/l "SUBI" 0 3 38, C4<001>;
P_0x5645f5119a50 .param/l "SW" 0 3 44, C4<001>;
P_0x5645f5119a90 .param/l "XOR" 0 3 34, C4<100>;
P_0x5645f5119ad0 .param/l "XORI" 0 3 41, C4<100>;
v0x5645f5111af0_0 .var "BR_EN", 0 0;
v0x5645f5115be0 .array "DM", 31 0, 31 0;
v0x5645f5116b70_0 .var "EX_MEM_ALUOUT", 31 0;
v0x5645f5152700_0 .var "EX_MEM_IR", 31 0;
v0x5645f51527e0_0 .var "ID_EX_A", 31 0;
v0x5645f5152910_0 .var "ID_EX_B", 31 0;
v0x5645f51529f0_0 .var "ID_EX_IMMEDIATE", 31 0;
v0x5645f5152ad0_0 .var "ID_EX_IR", 31 0;
v0x5645f5152bb0_0 .var "ID_EX_NPC", 31 0;
v0x5645f5152c90_0 .var "ID_EX_RD", 31 0;
v0x5645f5152d70_0 .var "IF_ID_IR", 31 0;
v0x5645f5152e50_0 .var "IF_ID_NPC", 31 0;
v0x5645f5152f30 .array "MEM", 31 0, 31 0;
v0x5645f5152ff0_0 .var "MEM_WB_ALUOUT", 31 0;
v0x5645f51530d0_0 .var "MEM_WB_IR", 31 0;
v0x5645f51531b0_0 .var "MEM_WB_LDM", 31 0;
v0x5645f5153290_0 .var "NPC", 31 0;
v0x5645f5153370 .array "REG", 31 0, 31 0;
v0x5645f5153430_0 .net "RN", 0 0, v0x5645f51537f0_0;  1 drivers
v0x5645f51534f0_0 .var "WB_OUT", 31 0;
v0x5645f51535d0_0 .net "clk", 0 0, v0x5645f5153930_0;  1 drivers
E_0x5645f50e7ab0 .event posedge, v0x5645f51535d0_0;
E_0x5645f511fb50 .event posedge, v0x5645f5153430_0;
E_0x5645f50e79a0 .event posedge, v0x5645f5153430_0, v0x5645f51535d0_0;
    .scope S_0x5645f5133ba0;
T_0 ;
    %wait E_0x5645f50e79a0;
    %load/vec4 v0x5645f5153430_0;
    %flag_set/vec4 8;
    %jmp/0xz  T_0.0, 8;
    %pushi/vec4 0, 0, 32;
    %assign/vec4 v0x5645f5153290_0, 0;
    %pushi/vec4 0, 0, 1;
    %assign/vec4 v0x5645f5111af0_0, 0;
    %pushi/vec4 0, 0, 32;
    %ix/load 3, 0, 0;
    %flag_set/imm 4, 0;
    %ix/load 4, 0, 0; Constant delay
    %assign/vec4/a/d v0x5645f5153370, 0, 4;
    %pushi/vec4 1, 0, 32;
    %ix/load 3, 1, 0;
    %flag_set/imm 4, 0;
    %ix/load 4, 0, 0; Constant delay
    %assign/vec4/a/d v0x5645f5153370, 0, 4;
    %pushi/vec4 2, 0, 32;
    %ix/load 3, 2, 0;
    %flag_set/imm 4, 0;
    %ix/load 4, 0, 0; Constant delay
    %assign/vec4/a/d v0x5645f5153370, 0, 4;
    %pushi/vec4 3, 0, 32;
    %ix/load 3, 3, 0;
    %flag_set/imm 4, 0;
    %ix/load 4, 0, 0; Constant delay
    %assign/vec4/a/d v0x5645f5153370, 0, 4;
    %pushi/vec4 4, 0, 32;
    %ix/load 3, 4, 0;
    %flag_set/imm 4, 0;
    %ix/load 4, 0, 0; Constant delay
    %assign/vec4/a/d v0x5645f5153370, 0, 4;
    %pushi/vec4 5, 0, 32;
    %ix/load 3, 5, 0;
    %flag_set/imm 4, 0;
    %ix/load 4, 0, 0; Constant delay
    %assign/vec4/a/d v0x5645f5153370, 0, 4;
    %pushi/vec4 6, 0, 32;
    %ix/load 3, 6, 0;
    %flag_set/imm 4, 0;
    %ix/load 4, 0, 0; Constant delay
    %assign/vec4/a/d v0x5645f5153370, 0, 4;
    %jmp T_0.1;
T_0.0 ;
    %load/vec4 v0x5645f5111af0_0;
    %flag_set/vec4 8;
    %jmp/0 T_0.2, 8;
    %load/vec4 v0x5645f5116b70_0;
    %jmp/1 T_0.3, 8;
T_0.2 ; End of true expr.
    %load/vec4 v0x5645f5153290_0;
    %addi 1, 0, 32;
    %jmp/0 T_0.3, 8;
 ; End of false expr.
    %blend;
T_0.3;
    %assign/vec4 v0x5645f5153290_0, 0;
    %pushi/vec4 0, 0, 1;
    %assign/vec4 v0x5645f5111af0_0, 0;
    %ix/getv 4, v0x5645f5153290_0;
    %load/vec4a v0x5645f5152f30, 4;
    %assign/vec4 v0x5645f5152d70_0, 0;
    %load/vec4 v0x5645f5153290_0;
    %addi 1, 0, 32;
    %assign/vec4 v0x5645f5152e50_0, 0;
T_0.1 ;
    %jmp T_0;
    .thread T_0;
    .scope S_0x5645f5133ba0;
T_1 ;
    %wait E_0x5645f511fb50;
    %pushi/vec4 35685120, 0, 32;
    %ix/load 3, 0, 0;
    %flag_set/imm 4, 0;
    %ix/load 4, 0, 0; Constant delay
    %assign/vec4/a/d v0x5645f5152f30, 0, 4;
    %pushi/vec4 35689344, 0, 32;
    %ix/load 3, 1, 0;
    %flag_set/imm 4, 0;
    %ix/load 4, 0, 0; Constant delay
    %assign/vec4/a/d v0x5645f5152f30, 0, 4;
    %pushi/vec4 36742144, 0, 32;
    %ix/load 3, 2, 0;
    %flag_set/imm 4, 0;
    %ix/load 4, 0, 0; Constant delay
    %assign/vec4/a/d v0x5645f5152f30, 0, 4;
    %pushi/vec4 38876288, 0, 32;
    %ix/load 3, 3, 0;
    %flag_set/imm 4, 0;
    %ix/load 4, 0, 0; Constant delay
    %assign/vec4/a/d v0x5645f5152f30, 0, 4;
    %pushi/vec4 37799168, 0, 32;
    %ix/load 3, 4, 0;
    %flag_set/imm 4, 0;
    %ix/load 4, 0, 0; Constant delay
    %assign/vec4/a/d v0x5645f5152f30, 0, 4;
    %pushi/vec4 37836160, 0, 32;
    %ix/load 3, 5, 0;
    %flag_set/imm 4, 0;
    %ix/load 4, 0, 0; Constant delay
    %assign/vec4/a/d v0x5645f5152f30, 0, 4;
    %pushi/vec4 5375488, 0, 32;
    %ix/load 3, 6, 0;
    %flag_set/imm 4, 0;
    %ix/load 4, 0, 0; Constant delay
    %assign/vec4/a/d v0x5645f5152f30, 0, 4;
    %pushi/vec4 2134401, 0, 32;
    %ix/load 3, 7, 0;
    %flag_set/imm 4, 0;
    %ix/load 4, 0, 0; Constant delay
    %assign/vec4/a/d v0x5645f5152f30, 0, 4;
    %pushi/vec4 2131585, 0, 32;
    %ix/load 3, 8, 0;
    %flag_set/imm 4, 0;
    %ix/load 4, 0, 0; Constant delay
    %assign/vec4/a/d v0x5645f5152f30, 0, 4;
    %pushi/vec4 15728642, 0, 32;
    %ix/load 3, 9, 0;
    %flag_set/imm 4, 0;
    %ix/load 4, 0, 0; Constant delay
    %assign/vec4/a/d v0x5645f5152f30, 0, 4;
    %pushi/vec4 2164480, 0, 32;
    %ix/load 3, 25, 0;
    %flag_set/imm 4, 0;
    %ix/load 4, 0, 0; Constant delay
    %assign/vec4/a/d v0x5645f5152f30, 0, 4;
    %jmp T_1;
    .thread T_1;
    .scope S_0x5645f5133ba0;
T_2 ;
    %wait E_0x5645f50e7ab0;
    %load/vec4 v0x5645f5152d70_0;
    %parti/s 5, 15, 5;
    %pad/u 7;
    %ix/vec4 4;
    %load/vec4a v0x5645f5153370, 4;
    %assign/vec4 v0x5645f51527e0_0, 0;
    %load/vec4 v0x5645f5152d70_0;
    %parti/s 5, 20, 6;
    %pad/u 7;
    %ix/vec4 4;
    %load/vec4a v0x5645f5153370, 4;
    %assign/vec4 v0x5645f5152910_0, 0;
    %load/vec4 v0x5645f5152d70_0;
    %parti/s 5, 7, 4;
    %pad/u 7;
    %ix/vec4 4;
    %load/vec4a v0x5645f5153370, 4;
    %assign/vec4 v0x5645f5152c90_0, 0;
    %load/vec4 v0x5645f5152d70_0;
    %assign/vec4 v0x5645f5152ad0_0, 0;
    %load/vec4 v0x5645f5152d70_0;
    %parti/s 1, 31, 6;
    %replicate 20;
    %load/vec4 v0x5645f5152d70_0;
    %parti/s 12, 20, 6;
    %concat/vec4; draw_concat_vec4
    %assign/vec4 v0x5645f51529f0_0, 0;
    %load/vec4 v0x5645f5152e50_0;
    %assign/vec4 v0x5645f5152bb0_0, 0;
    %jmp T_2;
    .thread T_2;
    .scope S_0x5645f5133ba0;
T_3 ;
    %wait E_0x5645f50e7ab0;
    %load/vec4 v0x5645f5152ad0_0;
    %assign/vec4 v0x5645f5152700_0, 0;
    %load/vec4 v0x5645f5152ad0_0;
    %parti/s 7, 0, 2;
    %dup/vec4;
    %pushi/vec4 0, 0, 7;
    %cmp/u;
    %jmp/1 T_3.0, 6;
    %dup/vec4;
    %pushi/vec4 1, 0, 7;
    %cmp/u;
    %jmp/1 T_3.1, 6;
    %dup/vec4;
    %pushi/vec4 2, 0, 7;
    %cmp/u;
    %jmp/1 T_3.2, 6;
    %dup/vec4;
    %pushi/vec4 3, 0, 7;
    %cmp/u;
    %jmp/1 T_3.3, 6;
    %jmp T_3.4;
T_3.0 ;
    %load/vec4 v0x5645f5152ad0_0;
    %parti/s 7, 25, 6;
    %cmpi/e 1, 0, 7;
    %jmp/0xz  T_3.5, 4;
    %load/vec4 v0x5645f5152ad0_0;
    %parti/s 3, 12, 5;
    %dup/vec4;
    %pushi/vec4 0, 0, 3;
    %cmp/u;
    %jmp/1 T_3.7, 6;
    %dup/vec4;
    %pushi/vec4 1, 0, 3;
    %cmp/u;
    %jmp/1 T_3.8, 6;
    %dup/vec4;
    %pushi/vec4 2, 0, 3;
    %cmp/u;
    %jmp/1 T_3.9, 6;
    %dup/vec4;
    %pushi/vec4 3, 0, 3;
    %cmp/u;
    %jmp/1 T_3.10, 6;
    %dup/vec4;
    %pushi/vec4 4, 0, 3;
    %cmp/u;
    %jmp/1 T_3.11, 6;
    %dup/vec4;
    %pushi/vec4 5, 0, 3;
    %cmp/u;
    %jmp/1 T_3.12, 6;
    %jmp T_3.13;
T_3.7 ;
    %load/vec4 v0x5645f51527e0_0;
    %load/vec4 v0x5645f5152910_0;
    %add;
    %assign/vec4 v0x5645f5116b70_0, 0;
    %jmp T_3.13;
T_3.8 ;
    %load/vec4 v0x5645f51527e0_0;
    %load/vec4 v0x5645f5152910_0;
    %sub;
    %assign/vec4 v0x5645f5116b70_0, 0;
    %jmp T_3.13;
T_3.9 ;
    %load/vec4 v0x5645f51527e0_0;
    %load/vec4 v0x5645f5152910_0;
    %and;
    %assign/vec4 v0x5645f5116b70_0, 0;
    %jmp T_3.13;
T_3.10 ;
    %load/vec4 v0x5645f51527e0_0;
    %load/vec4 v0x5645f5152910_0;
    %or;
    %assign/vec4 v0x5645f5116b70_0, 0;
    %jmp T_3.13;
T_3.11 ;
    %load/vec4 v0x5645f51527e0_0;
    %load/vec4 v0x5645f5152910_0;
    %xor;
    %assign/vec4 v0x5645f5116b70_0, 0;
    %jmp T_3.13;
T_3.12 ;
    %load/vec4 v0x5645f51527e0_0;
    %load/vec4 v0x5645f5152910_0;
    %cmp/u;
    %flag_mov 8, 5;
    %jmp/0 T_3.14, 8;
    %pushi/vec4 1, 0, 32;
    %jmp/1 T_3.15, 8;
T_3.14 ; End of true expr.
    %pushi/vec4 0, 0, 32;
    %jmp/0 T_3.15, 8;
 ; End of false expr.
    %blend;
T_3.15;
    %assign/vec4 v0x5645f5116b70_0, 0;
    %jmp T_3.13;
T_3.13 ;
    %pop/vec4 1;
    %jmp T_3.6;
T_3.5 ;
    %load/vec4 v0x5645f5152ad0_0;
    %parti/s 3, 12, 5;
    %dup/vec4;
    %pushi/vec4 0, 0, 3;
    %cmp/u;
    %jmp/1 T_3.16, 6;
    %dup/vec4;
    %pushi/vec4 1, 0, 3;
    %cmp/u;
    %jmp/1 T_3.17, 6;
    %dup/vec4;
    %pushi/vec4 2, 0, 3;
    %cmp/u;
    %jmp/1 T_3.18, 6;
    %dup/vec4;
    %pushi/vec4 3, 0, 3;
    %cmp/u;
    %jmp/1 T_3.19, 6;
    %dup/vec4;
    %pushi/vec4 4, 0, 3;
    %cmp/u;
    %jmp/1 T_3.20, 6;
    %jmp T_3.21;
T_3.16 ;
    %load/vec4 v0x5645f51527e0_0;
    %load/vec4 v0x5645f51529f0_0;
    %add;
    %assign/vec4 v0x5645f5116b70_0, 0;
    %jmp T_3.21;
T_3.17 ;
    %load/vec4 v0x5645f51527e0_0;
    %load/vec4 v0x5645f51529f0_0;
    %sub;
    %assign/vec4 v0x5645f5116b70_0, 0;
    %jmp T_3.21;
T_3.18 ;
    %load/vec4 v0x5645f51527e0_0;
    %load/vec4 v0x5645f5152910_0;
    %and;
    %assign/vec4 v0x5645f5116b70_0, 0;
    %jmp T_3.21;
T_3.19 ;
    %load/vec4 v0x5645f51527e0_0;
    %load/vec4 v0x5645f5152910_0;
    %or;
    %assign/vec4 v0x5645f5116b70_0, 0;
    %jmp T_3.21;
T_3.20 ;
    %load/vec4 v0x5645f51527e0_0;
    %load/vec4 v0x5645f5152910_0;
    %xor;
    %assign/vec4 v0x5645f5116b70_0, 0;
    %jmp T_3.21;
T_3.21 ;
    %pop/vec4 1;
T_3.6 ;
    %jmp T_3.4;
T_3.1 ;
    %load/vec4 v0x5645f5152ad0_0;
    %parti/s 3, 12, 5;
    %dup/vec4;
    %pushi/vec4 0, 0, 3;
    %cmp/u;
    %jmp/1 T_3.22, 6;
    %dup/vec4;
    %pushi/vec4 1, 0, 3;
    %cmp/u;
    %jmp/1 T_3.23, 6;
    %jmp T_3.24;
T_3.22 ;
    %load/vec4 v0x5645f51527e0_0;
    %load/vec4 v0x5645f51529f0_0;
    %add;
    %assign/vec4 v0x5645f5116b70_0, 0;
    %jmp T_3.24;
T_3.23 ;
    %load/vec4 v0x5645f5152ad0_0;
    %parti/s 5, 20, 6;
    %pad/u 32;
    %load/vec4 v0x5645f5152ad0_0;
    %parti/s 5, 15, 5;
    %pad/u 32;
    %add;
    %assign/vec4 v0x5645f5116b70_0, 0;
    %jmp T_3.24;
T_3.24 ;
    %pop/vec4 1;
    %jmp T_3.4;
T_3.2 ;
    %load/vec4 v0x5645f5152ad0_0;
    %parti/s 3, 12, 5;
    %dup/vec4;
    %pushi/vec4 0, 0, 3;
    %cmp/u;
    %jmp/1 T_3.25, 6;
    %dup/vec4;
    %pushi/vec4 1, 0, 3;
    %cmp/u;
    %jmp/1 T_3.26, 6;
    %jmp T_3.27;
T_3.25 ;
    %load/vec4 v0x5645f5152bb0_0;
    %load/vec4 v0x5645f51529f0_0;
    %add;
    %assign/vec4 v0x5645f5116b70_0, 0;
    %load/vec4 v0x5645f5152ad0_0;
    %parti/s 5, 15, 5;
    %load/vec4 v0x5645f5152ad0_0;
    %parti/s 5, 7, 4;
    %cmp/e;
    %flag_get/vec4 4;
    %assign/vec4 v0x5645f5111af0_0, 0;
    %jmp T_3.27;
T_3.26 ;
    %load/vec4 v0x5645f5152bb0_0;
    %load/vec4 v0x5645f51529f0_0;
    %add;
    %assign/vec4 v0x5645f5116b70_0, 0;
    %load/vec4 v0x5645f5152ad0_0;
    %parti/s 5, 15, 5;
    %load/vec4 v0x5645f5152ad0_0;
    %parti/s 5, 7, 4;
    %cmp/ne;
    %flag_mov 8, 4;
    %jmp/0 T_3.28, 8;
    %pushi/vec4 1, 0, 1;
    %jmp/1 T_3.29, 8;
T_3.28 ; End of true expr.
    %pushi/vec4 0, 0, 1;
    %jmp/0 T_3.29, 8;
 ; End of false expr.
    %blend;
T_3.29;
    %assign/vec4 v0x5645f5111af0_0, 0;
    %jmp T_3.27;
T_3.27 ;
    %pop/vec4 1;
    %jmp T_3.4;
T_3.3 ;
    %load/vec4 v0x5645f5152ad0_0;
    %parti/s 3, 12, 5;
    %dup/vec4;
    %pushi/vec4 0, 0, 3;
    %cmp/u;
    %jmp/1 T_3.30, 6;
    %dup/vec4;
    %pushi/vec4 1, 0, 3;
    %cmp/u;
    %jmp/1 T_3.31, 6;
    %jmp T_3.32;
T_3.30 ;
    %load/vec4 v0x5645f51527e0_0;
    %ix/getv 4, v0x5645f5152910_0;
    %shiftl 4;
    %assign/vec4 v0x5645f5116b70_0, 0;
    %jmp T_3.32;
T_3.31 ;
    %load/vec4 v0x5645f51527e0_0;
    %ix/getv 4, v0x5645f5152910_0;
    %shiftr 4;
    %assign/vec4 v0x5645f5116b70_0, 0;
    %jmp T_3.32;
T_3.32 ;
    %pop/vec4 1;
    %jmp T_3.4;
T_3.4 ;
    %pop/vec4 1;
    %jmp T_3;
    .thread T_3;
    .scope S_0x5645f5133ba0;
T_4 ;
    %wait E_0x5645f50e7ab0;
    %load/vec4 v0x5645f5152700_0;
    %assign/vec4 v0x5645f51530d0_0, 0;
    %load/vec4 v0x5645f5152700_0;
    %parti/s 7, 0, 2;
    %dup/vec4;
    %pushi/vec4 0, 0, 7;
    %cmp/u;
    %jmp/1 T_4.0, 6;
    %dup/vec4;
    %pushi/vec4 3, 0, 7;
    %cmp/u;
    %jmp/1 T_4.1, 6;
    %dup/vec4;
    %pushi/vec4 1, 0, 7;
    %cmp/u;
    %jmp/1 T_4.2, 6;
    %jmp T_4.3;
T_4.0 ;
    %load/vec4 v0x5645f5116b70_0;
    %assign/vec4 v0x5645f5152ff0_0, 0;
    %jmp T_4.3;
T_4.1 ;
    %load/vec4 v0x5645f5116b70_0;
    %assign/vec4 v0x5645f5152ff0_0, 0;
    %jmp T_4.3;
T_4.2 ;
    %load/vec4 v0x5645f5152700_0;
    %parti/s 3, 12, 5;
    %dup/vec4;
    %pushi/vec4 0, 0, 3;
    %cmp/u;
    %jmp/1 T_4.4, 6;
    %dup/vec4;
    %pushi/vec4 1, 0, 3;
    %cmp/u;
    %jmp/1 T_4.5, 6;
    %jmp T_4.6;
T_4.4 ;
    %ix/getv 4, v0x5645f5116b70_0;
    %load/vec4a v0x5645f5115be0, 4;
    %assign/vec4 v0x5645f51531b0_0, 0;
    %jmp T_4.6;
T_4.5 ;
    %load/vec4 v0x5645f5152700_0;
    %parti/s 5, 7, 4;
    %pad/u 7;
    %ix/vec4 4;
    %load/vec4a v0x5645f5153370, 4;
    %ix/getv 3, v0x5645f5116b70_0;
    %ix/load 4, 0, 0; Constant delay
    %assign/vec4/a/d v0x5645f5115be0, 0, 4;
    %jmp T_4.6;
T_4.6 ;
    %pop/vec4 1;
    %jmp T_4.3;
T_4.3 ;
    %pop/vec4 1;
    %jmp T_4;
    .thread T_4;
    .scope S_0x5645f5133ba0;
T_5 ;
    %wait E_0x5645f50e7ab0;
    %load/vec4 v0x5645f51530d0_0;
    %parti/s 7, 0, 2;
    %dup/vec4;
    %pushi/vec4 0, 0, 7;
    %cmp/u;
    %jmp/1 T_5.0, 6;
    %dup/vec4;
    %pushi/vec4 3, 0, 7;
    %cmp/u;
    %jmp/1 T_5.1, 6;
    %dup/vec4;
    %pushi/vec4 1, 0, 7;
    %cmp/u;
    %jmp/1 T_5.2, 6;
    %jmp T_5.3;
T_5.0 ;
    %load/vec4 v0x5645f5152ff0_0;
    %assign/vec4 v0x5645f51534f0_0, 0;
    %load/vec4 v0x5645f5152ff0_0;
    %load/vec4 v0x5645f51530d0_0;
    %parti/s 5, 7, 4;
    %pad/u 7;
    %ix/vec4 3;
    %ix/load 4, 0, 0; Constant delay
    %assign/vec4/a/d v0x5645f5153370, 0, 4;
    %jmp T_5.3;
T_5.1 ;
    %load/vec4 v0x5645f5152ff0_0;
    %assign/vec4 v0x5645f51534f0_0, 0;
    %load/vec4 v0x5645f5152ff0_0;
    %load/vec4 v0x5645f51530d0_0;
    %parti/s 5, 7, 4;
    %pad/u 7;
    %ix/vec4 3;
    %ix/load 4, 0, 0; Constant delay
    %assign/vec4/a/d v0x5645f5153370, 0, 4;
    %jmp T_5.3;
T_5.2 ;
    %load/vec4 v0x5645f51530d0_0;
    %parti/s 3, 12, 5;
    %dup/vec4;
    %pushi/vec4 0, 0, 3;
    %cmp/u;
    %jmp/1 T_5.4, 6;
    %jmp T_5.5;
T_5.4 ;
    %load/vec4 v0x5645f51531b0_0;
    %assign/vec4 v0x5645f51534f0_0, 0;
    %load/vec4 v0x5645f51531b0_0;
    %load/vec4 v0x5645f51530d0_0;
    %parti/s 5, 7, 4;
    %pad/u 7;
    %ix/vec4 3;
    %ix/load 4, 0, 0; Constant delay
    %assign/vec4/a/d v0x5645f5153370, 0, 4;
    %jmp T_5.5;
T_5.5 ;
    %pop/vec4 1;
    %jmp T_5.3;
T_5.3 ;
    %pop/vec4 1;
    %jmp T_5;
    .thread T_5;
    .scope S_0x5645f5133a20;
T_6 ;
    %delay 3, 0;
    %load/vec4 v0x5645f5153930_0;
    %nor/r;
    %store/vec4 v0x5645f5153930_0, 0, 1;
    %jmp T_6;
    .thread T_6;
    .scope S_0x5645f5133a20;
T_7 ;
    %pushi/vec4 1, 0, 1;
    %store/vec4 v0x5645f51537f0_0, 0, 1;
    %pushi/vec4 1, 0, 1;
    %store/vec4 v0x5645f5153930_0, 0, 1;
    %vpi_call 2 15 "$dumpfile", "iiitb_rv32i.vcd" {0 0 0};
    %vpi_call 2 16 "$dumpvars", 32'sb00000000000000000000000000000000, S_0x5645f5133a20 {0 0 0};
    %delay 5, 0;
    %pushi/vec4 0, 0, 1;
    %store/vec4 v0x5645f51537f0_0, 0, 1;
    %delay 300, 0;
    %vpi_call 2 20 "$finish" {0 0 0};
    %end;
    .thread T_7;
# The file index is used to find the file name in the following table.
:file_names 4;
    "N/A";
    "<interactive>";
    "iiitb_rv32i_tb.v";
    "iiitb_rv32i.v";
